Results of jscpd linter (version 3.5.9)
See documentation on https://megalinter.io/7.3.0/descriptors/copypaste_jscpd/
-----------------------------------------------

❌ [ERROR] for workspace /github/workspace
Linter raw log:
Clone found (javascript):
 - .yarn/sdks/typescript/lib/tsserverlibrary.js [1:1 - 12:6] (11 lines, 93 tokens)
   .yarn/sdks/typescript/lib/typescript.js [1:1 - 12:3]

Clone found (javascript):
 - .yarn/sdks/typescript/lib/tsserver.js [1:1 - 219:74] (218 lines, 1885 tokens)
   .yarn/sdks/typescript/lib/typescript.js [1:1 - 219:81]

Clone found (javascript):
 - .yarn/sdks/typescript/lib/tsc.js [1:1 - 14:69] (13 lines, 119 tokens)
   .yarn/sdks/typescript/lib/typescript.js [1:1 - 14:76]

Clone found (javascript):
 - scripts/objects/postCard.service.js [74:7 - 82:6] (8 lines, 99 tokens)
   scripts/objects/postCard.service.js [18:7 - 26:4]

Clone found (javascript):
 - scripts/objects/desktop.service.js [198:2 - 207:7] (9 lines, 85 tokens)
   scripts/objects/desktop.service.js [159:2 - 168:8]

Clone found (javascript):
 - scripts/objects/businessCard.service.js [77:7 - 86:6] (9 lines, 90 tokens)
   scripts/objects/businessCard.service.js [18:7 - 26:4]

Clone found (javascript):
 - scripts/home/home.controller.js [548:8 - 560:2] (12 lines, 106 tokens)
   scripts/home/home.controller.js [535:7 - 548:8]

Clone found (javascript):
 - scripts/home/home.controller.js [674:17 - 680:18] (6 lines, 104 tokens)
   scripts/home/home.controller.js [668:12 - 674:17]

Clone found (javascript):
 - scripts/home/draw.service.js [323:15 - 351:2] (28 lines, 260 tokens)
   scripts/home/draw.service.js [255:15 - 284:2]

Clone found (javascript):
 - scripts/home/draw.service.js [353:11 - 380:2] (27 lines, 255 tokens)
   scripts/home/draw.service.js [225:11 - 253:3]

Clone found (javascript):
 - scripts/home/draw.service.js [383:9 - 388:2] (5 lines, 92 tokens)
   scripts/home/draw.service.js [294:18 - 299:2]

Clone found (javascript):
 - scripts/home/draw.service.js [390:9 - 395:2] (5 lines, 92 tokens)
   scripts/home/draw.service.js [301:18 - 306:2]

┌────────────┬────────────────┬─────────────┬──────────────┬──────────────┬──────────────────┬───────────────────┐
│ Format     │ Files analyzed │ Total lines │ Total tokens │ Clones found │ Duplicated lines │ Duplicated tokens │
├────────────┼────────────────┼─────────────┼──────────────┼──────────────┼──────────────────┼───────────────────┤
│ javascript │ 30             │ 3868        │ 40030        │ 12           │ 351 (9.07%)      │ 3280 (8.19%)      │
├────────────┼────────────────┼─────────────┼──────────────┼──────────────┼──────────────────┼───────────────────┤
│ scss       │ 3              │ 1171        │ 5858         │ 0            │ 0 (0%)           │ 0 (0%)            │
├────────────┼────────────────┼─────────────┼──────────────┼──────────────┼──────────────────┼───────────────────┤
│ php        │ 1              │ 8           │ 72           │ 0            │ 0 (0%)           │ 0 (0%)            │
├────────────┼────────────────┼─────────────┼──────────────┼──────────────┼──────────────────┼───────────────────┤
│ Total:     │ 34             │ 5047        │ 45960        │ 12           │ 351 (6.95%)      │ 3280 (7.14%)      │
└────────────┴────────────────┴─────────────┴──────────────┴──────────────┴──────────────────┴───────────────────┘
Found 12 clones.
HTML report saved to megalinter-reports/copy-paste/html/
ERROR: jscpd found too many duplicates (6.95%) over threshold (0%)
Error: ERROR: jscpd found too many duplicates (6.95%) over threshold (0%)
    at ThresholdReporter.report (/node-deps/node_modules/@jscpd/finder/dist/reporters/threshold.js:12:19)
    at /node-deps/node_modules/@jscpd/finder/dist/in-files-detector.js:82:26
    at Array.forEach (<anonymous>)
    at /node-deps/node_modules/@jscpd/finder/dist/in-files-detector.js:81:28
    at process.processTicksAndRejections (node:internal/process/task_queues:95:5)

