Results of standard linter (version 17.1.0)
See documentation on https://megalinter.io/7.3.0/descriptors/javascript_standard/
-----------------------------------------------

❌ [ERROR] for workspace /github/workspace
Linter raw log:
standard: Use JavaScript Standard Style (https://standardjs.com)
standard: Some warnings are present which will be errors in the next version (https://standardjs.com)
  .yarn/sdks/typescript/lib/tsc.js:0:0: File ignored by default.  Use a negated ignore pattern (like "--ignore-pattern '!<relative/path/to/filename>'") to override. (null) (warning)
  .yarn/sdks/typescript/lib/tsserver.js:0:0: File ignored by default.  Use a negated ignore pattern (like "--ignore-pattern '!<relative/path/to/filename>'") to override. (null) (warning)
  .yarn/sdks/typescript/lib/tsserverlibrary.js:0:0: File ignored by default.  Use a negated ignore pattern (like "--ignore-pattern '!<relative/path/to/filename>'") to override. (null) (warning)
  .yarn/sdks/typescript/lib/typescript.js:0:0: File ignored by default.  Use a negated ignore pattern (like "--ignore-pattern '!<relative/path/to/filename>'") to override. (null) (warning)
  scripts/app.js:1:1: 'angular' is not defined. (no-undef)
  scripts/directives.js:1:1: 'angular' is not defined. (no-undef)
  scripts/home/app.controller.js:1:1: 'angular' is not defined. (no-undef)
  scripts/home/app.controller.js:10:17: 'angular' is not defined. (no-undef)
  scripts/home/configurator.controller.js:1:1: 'angular' is not defined. (no-undef)
  scripts/home/configurator.controller.js:14:17: 'angular' is not defined. (no-undef)
  scripts/home/configurator.controller.js:47:20: Do not access Object.prototype method 'hasOwnProperty' from target object. (no-prototype-builtins)
  scripts/home/configurator.controller.js:57:18: 'angular' is not defined. (no-undef)
  scripts/home/desktop.controller.js:1:1: 'angular' is not defined. (no-undef)
  scripts/home/desktop.controller.js:17:29: Expected '===' and instead saw '=='. (eqeqeq)
  scripts/home/desktop.controller.js:21:36: Expected '===' and instead saw '=='. (eqeqeq)
  scripts/home/desktop.controller.js:21:68: Expected '===' and instead saw '=='. (eqeqeq)
  scripts/home/draw.service.js:4:3: 'angular' is not defined. (no-undef)
  scripts/home/draw.service.js:33:17: Expected '!==' and instead saw '!='. (eqeqeq)
  scripts/home/draw.service.js:50:24: Expected '===' and instead saw '=='. (eqeqeq)
  scripts/home/draw.service.js:54:31: Expected '===' and instead saw '=='. (eqeqeq)
  scripts/home/draw.service.js:58:31: Expected '===' and instead saw '=='. (eqeqeq)
  scripts/home/draw.service.js:62:31: Expected '===' and instead saw '=='. (eqeqeq)
  scripts/home/draw.service.js:69:7: 'TweenMax' is not defined. (no-undef)
  scripts/home/draw.service.js:70:7: 'TweenMax' is not defined. (no-undef)
  scripts/home/draw.service.js:73:28: 'TimelineMax' is not defined. (no-undef)
  scripts/home/draw.service.js:85:11: 'TweenMax' is not defined. (no-undef)
  scripts/home/draw.service.js:86:11: 'TweenMax' is not defined. (no-undef)
  scripts/home/draw.service.js:89:19: 'Power1' is not defined. (no-undef)
  scripts/home/draw.service.js:96:19: 'Power1' is not defined. (no-undef)
  scripts/home/draw.service.js:104:15: 'Power1' is not defined. (no-undef)
  scripts/home/draw.service.js:111:15: 'Power1' is not defined. (no-undef)
  scripts/home/draw.service.js:118:15: 'Power2' is not defined. (no-undef)
  scripts/home/draw.service.js:125:15: 'Power2' is not defined. (no-undef)
  scripts/home/draw.service.js:130:15: 'Power1' is not defined. (no-undef)
  scripts/home/draw.service.js:137:15: 'Power1' is not defined. (no-undef)
  scripts/home/draw.service.js:147:7: 'TweenMax' is not defined. (no-undef)
  scripts/home/draw.service.js:148:7: 'TweenMax' is not defined. (no-undef)
  scripts/home/draw.service.js:150:28: 'TimelineMax' is not defined. (no-undef)
  scripts/home/draw.service.js:159:11: 'TweenMax' is not defined. (no-undef)
  scripts/home/draw.service.js:160:11: 'TweenMax' is not defined. (no-undef)
  scripts/home/draw.service.js:163:19: 'Power1' is not defined. (no-undef)
  scripts/home/draw.service.js:170:19: 'Power1' is not defined. (no-undef)
  scripts/home/draw.service.js:178:7: Unexpected var, use let or const instead. (no-var) (warning)
  scripts/home/draw.service.js:178:11: 't' is already defined. (no-redeclare)
  scripts/home/draw.service.js:182:15: 'Power2' is not defined. (no-undef)
  scripts/home/draw.service.js:189:15: 'Power2' is not defined. (no-undef)
  scripts/home/draw.service.js:194:15: 'Power1' is not defined. (no-undef)
  scripts/home/draw.service.js:201:15: 'Power1' is not defined. (no-undef)
  scripts/home/draw.service.js:207:15: 'Power1' is not defined. (no-undef)
  scripts/home/draw.service.js:216:31: Expected '===' and instead saw '=='. (eqeqeq)
  scripts/home/draw.service.js:217:11: Unexpected var, use let or const instead. (no-var) (warning)
  scripts/home/draw.service.js:217:35: 'TimelineMax' is not defined. (no-undef)
  scripts/home/draw.service.js:226:19: 'Power1' is not defined. (no-undef)
  scripts/home/draw.service.js:233:19: 'Power1' is not defined. (no-undef)
  scripts/home/draw.service.js:240:19: 'Power1' is not defined. (no-undef)
  scripts/home/draw.service.js:247:19: 'Power1' is not defined. (no-undef)
  scripts/home/draw.service.js:256:23: 'Power1' is not defined. (no-undef)
  scripts/home/draw.service.js:263:23: 'Power1' is not defined. (no-undef)
  scripts/home/draw.service.js:270:23: 'Power1' is not defined. (no-undef)
  scripts/home/draw.service.js:277:23: 'Power1' is not defined. (no-undef)
  scripts/home/draw.service.js:284:38: Expected '!==' and instead saw '!='. (eqeqeq)
  scripts/home/draw.service.js:285:41: 'TimelineMax' is not defined. (no-undef)
  scripts/home/draw.service.js:291:11: 'TweenMax' is not defined. (no-undef)
  scripts/home/draw.service.js:292:11: 'TweenMax' is not defined. (no-undef)
  scripts/home/draw.service.js:295:19: 'Power1' is not defined. (no-undef)
  scripts/home/draw.service.js:302:19: 'Power1' is not defined. (no-undef)
  scripts/home/draw.service.js:308:11: Unexpected var, use let or const instead. (no-var) (warning)
  scripts/home/draw.service.js:308:15: 'hoverTimeline' is already defined. (no-redeclare)
  scripts/home/draw.service.js:308:35: 'TimelineMax' is not defined. (no-undef)
  scripts/home/draw.service.js:320:15: 'TweenMax' is not defined. (no-undef)
  scripts/home/draw.service.js:321:15: 'TweenMax' is not defined. (no-undef)
  scripts/home/draw.service.js:324:23: 'Power1' is not defined. (no-undef)
  scripts/home/draw.service.js:331:23: 'Power1' is not defined. (no-undef)
  scripts/home/draw.service.js:338:23: 'Power1' is not defined. (no-undef)
  scripts/home/draw.service.js:345:23: 'Power1' is not defined. (no-undef)
  scripts/home/draw.service.js:354:19: 'Power1' is not defined. (no-undef)
  scripts/home/draw.service.js:361:19: 'Power1' is not defined. (no-undef)
  scripts/home/draw.service.js:368:19: 'Power1' is not defined. (no-undef)
  scripts/home/draw.service.js:375:19: 'Power1' is not defined. (no-undef)
  scripts/home/draw.service.js:381:11: 'TweenMax' is not defined. (no-undef)
  scripts/home/draw.service.js:382:11: 'TweenMax' is not defined. (no-undef)
  scripts/home/draw.service.js:383:11: 'TweenMax' is not defined. (no-undef)
  scripts/home/draw.service.js:384:19: 'Power1' is not defined. (no-undef)
  scripts/home/draw.service.js:390:11: 'TweenMax' is not defined. (no-undef)
  scripts/home/draw.service.js:391:19: 'Power1' is not defined. (no-undef)
  scripts/home/draw.service.js:399:15: 'TweenMax' is not defined. (no-undef)
  scripts/home/draw.service.js:400:15: 'TweenMax' is not defined. (no-undef)
  scripts/home/draw.service.js:401:15: 'TweenMax' is not defined. (no-undef)
  scripts/home/draw.service.js:402:23: 'Power1' is not defined. (no-undef)
  scripts/home/draw.service.js:407:15: 'TweenMax' is not defined. (no-undef)
  scripts/home/draw.service.js:408:23: 'Power1' is not defined. (no-undef)
  scripts/home/home.controller.js:441:5: Parsing error: The keyword 'static' is reserved (null)
  scripts/home/home.service.js:4:3: 'angular' is not defined. (no-undef)
  scripts/home/home.service.js:9:11: 'service' is assigned a value but never used. (no-unused-vars)
  scripts/lite.app.js:1:1: 'angular' is not defined. (no-undef)
  scripts/lite.app.js:10:17: 'angular' is not defined. (no-undef)
  scripts/lite.app.js:12:21: 'angular' is not defined. (no-undef)
  scripts/lite.app.js:14:3: 'angular' is not defined. (no-undef)
  scripts/objects/businessCard.service.js:4:3: 'angular' is not defined. (no-undef)
  scripts/objects/businessCard.service.js:17:37: 'THREE' is not defined. (no-undef)
  scripts/objects/businessCard.service.js:18:39: 'THREE' is not defined. (no-undef)
  scripts/objects/businessCard.service.js:19:39: 'THREE' is not defined. (no-undef)
  scripts/objects/businessCard.service.js:20:39: 'THREE' is not defined. (no-undef)
  scripts/objects/businessCard.service.js:21:35: 'THREE' is not defined. (no-undef)
  scripts/objects/businessCard.service.js:22:35: 'THREE' is not defined. (no-undef)
  scripts/objects/businessCard.service.js:30:15: Expected '===' and instead saw '=='. (eqeqeq)
  scripts/objects/businessCard.service.js:31:11: Unexpected var, use let or const instead. (no-var) (warning)
  scripts/objects/businessCard.service.js:31:28: 'THREE' is not defined. (no-undef)
  scripts/objects/businessCard.service.js:31:43: 'THREE' is not defined. (no-undef)
  scripts/objects/businessCard.service.js:31:83: 'THREE' is not defined. (no-undef)
  scripts/objects/businessCard.service.js:33:19: 'THREE' is not defined. (no-undef)
  scripts/objects/businessCard.service.js:36:22: 'THREE' is not defined. (no-undef)
  scripts/objects/businessCard.service.js:44:11: Unexpected var, use let or const instead. (no-var) (warning)
  scripts/objects/businessCard.service.js:44:15: 'object' is already defined. (no-redeclare)
  scripts/objects/businessCard.service.js:44:28: 'THREE' is not defined. (no-undef)
  scripts/objects/businessCard.service.js:44:43: 'THREE' is not defined. (no-undef)
  scripts/objects/businessCard.service.js:44:83: 'THREE' is not defined. (no-undef)
  scripts/objects/businessCard.service.js:46:19: 'THREE' is not defined. (no-undef)
  scripts/objects/businessCard.service.js:49:22: 'THREE' is not defined. (no-undef)
  scripts/objects/businessCard.service.js:69:38: 'THREE' is not defined. (no-undef)
  scripts/objects/businessCard.service.js:77:39: 'THREE' is not defined. (no-undef)
  scripts/objects/businessCard.service.js:78:39: 'THREE' is not defined. (no-undef)
  scripts/objects/businessCard.service.js:79:39: 'THREE' is not defined. (no-undef)
  scripts/objects/businessCard.service.js:81:35: 'THREE' is not defined. (no-undef)
  scripts/objects/businessCard.service.js:82:35: 'THREE' is not defined. (no-undef)
  scripts/objects/businessCard.service.js:86:32: 'THREE' is not defined. (no-undef)
  scripts/objects/businessCard.service.js:86:47: 'THREE' is not defined. (no-undef)
  scripts/objects/businessCard.service.js:86:87: 'THREE' is not defined. (no-undef)
  scripts/objects/businessCard.service.js:90:18: 'THREE' is not defined. (no-undef)
  scripts/objects/businessCard.service.js:93:28: 'THREE' is not defined. (no-undef)
  scripts/objects/businessCard.service.js:93:43: 'THREE' is not defined. (no-undef)
  scripts/objects/businessCard.service.js:94:13: 'THREE' is not defined. (no-undef)
  scripts/objects/businessCard.service.js:113:48: 'THREE' is not defined. (no-undef)
  scripts/objects/businessCard.service.js:114:48: 'THREE' is not defined. (no-undef)
  scripts/objects/businessCard.service.js:116:57: 'THREE' is not defined. (no-undef)
  scripts/objects/businessCard.service.js:117:57: 'THREE' is not defined. (no-undef)
  scripts/objects/businessCard.service.js:122:35: The object literal notation {} is preferable. (no-new-object)
  scripts/objects/cup.service.js:4:3: 'angular' is not defined. (no-undef)
  scripts/objects/cup.service.js:17:30: 'THREE' is not defined. (no-undef)
  scripts/objects/cup.service.js:18:30: 'THREE' is not defined. (no-undef)
  scripts/objects/cup.service.js:19:30: 'THREE' is not defined. (no-undef)
  scripts/objects/cup.service.js:20:30: 'THREE' is not defined. (no-undef)
  scripts/objects/cup.service.js:22:35: 'THREE' is not defined. (no-undef)
  scripts/objects/cup.service.js:23:35: 'THREE' is not defined. (no-undef)
  scripts/objects/cup.service.js:25:15: 'THREE' is not defined. (no-undef)
  scripts/objects/cup.service.js:27:27: 'THREE' is not defined. (no-undef)
  scripts/objects/cup.service.js:29:38: 'THREE' is not defined. (no-undef)
  scripts/objects/cup.service.js:30:38: 'THREE' is not defined. (no-undef)
  scripts/objects/cup.service.js:33:30: 'THREE' is not defined. (no-undef)
  scripts/objects/cup.service.js:40:48: 'THREE' is not defined. (no-undef)
  scripts/objects/cup.service.js:46:20: 'THREE' is not defined. (no-undef)
  scripts/objects/cup.service.js:49:33: A constructor name should not start with a lowercase letter. (new-cap)
  scripts/objects/cup.service.js:51:37: 'THREE' is not defined. (no-undef)
  scripts/objects/cup.service.js:52:37: 'THREE' is not defined. (no-undef)
  scripts/objects/cup.service.js:55:33: 'THREE' is not defined. (no-undef)
  scripts/objects/cup.service.js:60:23: 'THREE' is not defined. (no-undef)
  scripts/objects/desk.service.js:4:3: 'angular' is not defined. (no-undef)
  scripts/objects/desk.service.js:16:32: 'THREE' is not defined. (no-undef)
  scripts/objects/desk.service.js:17:32: 'THREE' is not defined. (no-undef)
  scripts/objects/desk.service.js:21:28: 'THREE' is not defined. (no-undef)
  scripts/objects/desk.service.js:22:31: 'THREE' is not defined. (no-undef)
  scripts/objects/desk.service.js:23:28: 'THREE' is not defined. (no-undef)
  scripts/objects/desk.service.js:24:28: 'THREE' is not defined. (no-undef)
  scripts/objects/desk.service.js:25:28: 'THREE' is not defined. (no-undef)
  scripts/objects/desk.service.js:26:28: 'THREE' is not defined. (no-undef)
  scripts/objects/desk.service.js:41:24: 'THREE' is not defined. (no-undef)
  scripts/objects/desktop.service.js:4:3: 'angular' is not defined. (no-undef)
  scripts/objects/desktop.service.js:16:27: 'THREE' is not defined. (no-undef)
  scripts/objects/desktop.service.js:20:24: The object literal notation {} is preferable. (no-new-object)
  scripts/objects/desktop.service.js:25:44: 'THREE' is not defined. (no-undef)
  scripts/objects/desktop.service.js:42:47: 'THREE' is not defined. (no-undef)
  scripts/objects/desktop.service.js:43:47: 'THREE' is not defined. (no-undef)
  scripts/objects/desktop.service.js:46:43: 'THREE' is not defined. (no-undef)
  scripts/objects/desktop.service.js:47:51: 'THREE' is not defined. (no-undef)
  scripts/objects/desktop.service.js:67:54: 'THREE' is not defined. (no-undef)
  scripts/objects/desktop.service.js:68:54: 'THREE' is not defined. (no-undef)
  scripts/objects/desktop.service.js:71:50: 'THREE' is not defined. (no-undef)
  scripts/objects/desktop.service.js:73:38: 'THREE' is not defined. (no-undef)
  scripts/objects/desktop.service.js:92:41: 'THREE' is not defined. (no-undef)
  scripts/objects/desktop.service.js:93:41: 'THREE' is not defined. (no-undef)
  scripts/objects/desktop.service.js:96:37: 'THREE' is not defined. (no-undef)
  scripts/objects/desktop.service.js:99:32: 'THREE' is not defined. (no-undef)
  scripts/objects/desktop.service.js:101:27: 'THREE' is not defined. (no-undef)
  scripts/objects/desktop.service.js:103:27: 'THREE' is not defined. (no-undef)
  scripts/objects/desktop.service.js:104:27: 'THREE' is not defined. (no-undef)
  scripts/objects/desktop.service.js:106:32: 'THREE' is not defined. (no-undef)
  scripts/objects/desktop.service.js:108:19: 'THREE' is not defined. (no-undef)
  scripts/objects/desktop.service.js:112:33: 'THREE' is not defined. (no-undef)
  scripts/objects/desktop.service.js:139:37: 'THREE' is not defined. (no-undef)
  scripts/objects/desktop.service.js:140:37: 'THREE' is not defined. (no-undef)
  scripts/objects/desktop.service.js:141:46: 'THREE' is not defined. (no-undef)
  scripts/objects/desktop.service.js:142:46: 'THREE' is not defined. (no-undef)
  scripts/objects/desktop.service.js:153:9: 'TweenMax' is not defined. (no-undef)
  scripts/objects/desktop.service.js:157:30: 'TimelineMax' is not defined. (no-undef)
  scripts/objects/desktop.service.js:169:17: 'Power1' is not defined. (no-undef)
  scripts/objects/desktop.service.js:176:17: 'Power1' is not defined. (no-undef)
  scripts/objects/desktop.service.js:183:17: 'Power1' is not defined. (no-undef)
  scripts/objects/desktop.service.js:195:30: 'TimelineMax' is not defined. (no-undef)
  scripts/objects/desktop.service.js:208:17: 'Power1' is not defined. (no-undef)
  scripts/objects/desktop.service.js:215:17: 'Power1' is not defined. (no-undef)
  scripts/objects/keyboard.service.js:4:3: 'angular' is not defined. (no-undef)
  scripts/objects/keyboard.service.js:16:33: 'THREE' is not defined. (no-undef)
  scripts/objects/keyboard.service.js:33:36: 'THREE' is not defined. (no-undef)
  scripts/objects/keyboard.service.js:35:35: 'THREE' is not defined. (no-undef)
  scripts/objects/keyboard.service.js:37:35: 'THREE' is not defined. (no-undef)
  scripts/objects/keyboard.service.js:38:35: 'THREE' is not defined. (no-undef)
  scripts/objects/keyboard.service.js:39:31: 'THREE' is not defined. (no-undef)
  scripts/objects/keyboard.service.js:40:31: 'THREE' is not defined. (no-undef)
  scripts/objects/keyboard.service.js:44:36: 'THREE' is not defined. (no-undef)
  scripts/objects/keyboard.service.js:48:32: 'THREE' is not defined. (no-undef)
  scripts/objects/keyboard.service.js:53:28: 'THREE' is not defined. (no-undef)
  scripts/objects/keyboard.service.js:54:28: 'THREE' is not defined. (no-undef)
  scripts/objects/keyboard.service.js:56:15: 'THREE' is not defined. (no-undef)
  scripts/objects/keyboard.service.js:58:25: 'THREE' is not defined. (no-undef)
  scripts/objects/keyboard.service.js:65:28: 'THREE' is not defined. (no-undef)
  scripts/objects/mouse.service.js:4:3: 'angular' is not defined. (no-undef)
  scripts/objects/mouse.service.js:16:13: 'mouseMaterial' is assigned a value but never used. (no-unused-vars)
  scripts/objects/mouse.service.js:16:33: 'THREE' is not defined. (no-undef)
  scripts/objects/mouse.service.js:20:25: 'THREE' is not defined. (no-undef)
  scripts/objects/mouse.service.js:22:26: 'THREE' is not defined. (no-undef)
  scripts/objects/mouse.service.js:25:26: 'THREE' is not defined. (no-undef)
  scripts/objects/mouse.service.js:25:51: 'THREE' is not defined. (no-undef)
  scripts/objects/objects.module.js:3:3: 'angular' is not defined. (no-undef)
  scripts/objects/personalResume.service.js:4:3: 'angular' is not defined. (no-undef)
  scripts/objects/personalResume.service.js:16:34: 'THREE' is not defined. (no-undef)
  scripts/objects/personalResume.service.js:21:46: 'THREE' is not defined. (no-undef)
  scripts/objects/personalResume.service.js:23:46: 'THREE' is not defined. (no-undef)
  scripts/objects/personalResume.service.js:24:46: 'THREE' is not defined. (no-undef)
  scripts/objects/personalResume.service.js:25:42: 'THREE' is not defined. (no-undef)
  scripts/objects/personalResume.service.js:26:42: 'THREE' is not defined. (no-undef)
  scripts/objects/personalResume.service.js:31:47: 'THREE' is not defined. (no-undef)
  scripts/objects/personalResume.service.js:33:47: 'THREE' is not defined. (no-undef)
  scripts/objects/personalResume.service.js:34:47: 'THREE' is not defined. (no-undef)
  scripts/objects/personalResume.service.js:35:43: 'THREE' is not defined. (no-undef)
  scripts/objects/personalResume.service.js:36:43: 'THREE' is not defined. (no-undef)
  scripts/objects/personalResume.service.js:41:46: 'THREE' is not defined. (no-undef)
  scripts/objects/personalResume.service.js:43:46: 'THREE' is not defined. (no-undef)
  scripts/objects/personalResume.service.js:44:46: 'THREE' is not defined. (no-undef)
  scripts/objects/personalResume.service.js:45:42: 'THREE' is not defined. (no-undef)
  scripts/objects/personalResume.service.js:46:42: 'THREE' is not defined. (no-undef)
  scripts/objects/personalResume.service.js:51:39: 'THREE' is not defined. (no-undef)
  scripts/objects/personalResume.service.js:51:54: 'THREE' is not defined. (no-undef)
  scripts/objects/personalResume.service.js:51:97: 'THREE' is not defined. (no-undef)
  scripts/objects/personalResume.service.js:57:40: 'THREE' is not defined. (no-undef)
  scripts/objects/personalResume.service.js:57:55: 'THREE' is not defined. (no-undef)
  scripts/objects/personalResume.service.js:57:98: 'THREE' is not defined. (no-undef)
  scripts/objects/personalResume.service.js:62:39: 'THREE' is not defined. (no-undef)
  scripts/objects/personalResume.service.js:62:54: 'THREE' is not defined. (no-undef)
  scripts/objects/personalResume.service.js:62:97: 'THREE' is not defined. (no-undef)
  scripts/objects/personalResume.service.js:68:28: 'THREE' is not defined. (no-undef)
  scripts/objects/personalResume.service.js:68:43: 'THREE' is not defined. (no-undef)
  scripts/objects/personalResume.service.js:69:13: 'THREE' is not defined. (no-undef)
  scripts/objects/personalResume.service.js:88:49: 'THREE' is not defined. (no-undef)
  scripts/objects/personalResume.service.js:89:49: 'THREE' is not defined. (no-undef)
  scripts/objects/personalResume.service.js:90:53: 'THREE' is not defined. (no-undef)
  scripts/objects/personalResume.service.js:91:53: 'THREE' is not defined. (no-undef)
  scripts/objects/personalResume.service.js:92:58: 'THREE' is not defined. (no-undef)
  scripts/objects/personalResume.service.js:93:58: 'THREE' is not defined. (no-undef)
  scripts/objects/personalResume.service.js:97:50: 'THREE' is not defined. (no-undef)
  scripts/objects/personalResume.service.js:98:50: 'THREE' is not defined. (no-undef)
  scripts/objects/personalResume.service.js:99:54: 'THREE' is not defined. (no-undef)
  scripts/objects/personalResume.service.js:100:54: 'THREE' is not defined. (no-undef)
  scripts/objects/personalResume.service.js:101:59: 'THREE' is not defined. (no-undef)
  scripts/objects/personalResume.service.js:102:59: 'THREE' is not defined. (no-undef)
  scripts/objects/personalResume.service.js:106:49: 'THREE' is not defined. (no-undef)
  scripts/objects/personalResume.service.js:107:49: 'THREE' is not defined. (no-undef)
  scripts/objects/personalResume.service.js:108:53: 'THREE' is not defined. (no-undef)
  scripts/objects/personalResume.service.js:109:53: 'THREE' is not defined. (no-undef)
  scripts/objects/personalResume.service.js:110:58: 'THREE' is not defined. (no-undef)
  scripts/objects/personalResume.service.js:111:58: 'THREE' is not defined. (no-undef)
  scripts/objects/personalResume.service.js:115:44: 'THREE' is not defined. (no-undef)
  scripts/objects/personalResume.service.js:116:44: 'THREE' is not defined. (no-undef)
  scripts/objects/personalResume.service.js:117:53: 'THREE' is not defined. (no-undef)
  scripts/objects/personalResume.service.js:118:53: 'THREE' is not defined. (no-undef)
  scripts/objects/personalResume.service.js:131:31: The object literal notation {} is preferable. (no-new-object)
  scripts/objects/phone.service.js:4:3: 'angular' is not defined. (no-undef)
  scripts/objects/phone.service.js:16:25: 'THREE' is not defined. (no-undef)
  scripts/objects/phone.service.js:21:22: The object literal notation {} is preferable. (no-new-object)
  scripts/objects/phone.service.js:26:30: 'THREE' is not defined. (no-undef)
  scripts/objects/phone.service.js:36:33: 'THREE' is not defined. (no-undef)
  scripts/objects/phone.service.js:37:33: 'THREE' is not defined. (no-undef)
  scripts/objects/phone.service.js:40:29: 'THREE' is not defined. (no-undef)
  scripts/objects/phone.service.js:42:31: 'THREE' is not defined. (no-undef)
  scripts/objects/phone.service.js:42:46: 'THREE' is not defined. (no-undef)
  scripts/objects/phone.service.js:42:90: 'THREE' is not defined. (no-undef)
  scripts/objects/phone.service.js:44:15: 'THREE' is not defined. (no-undef)
  scripts/objects/phone.service.js:47:31: 'THREE' is not defined. (no-undef)
  scripts/objects/phone.service.js:47:46: 'THREE' is not defined. (no-undef)
  scripts/objects/phone.service.js:47:82: 'THREE' is not defined. (no-undef)
  scripts/objects/phone.service.js:48:15: 'THREE' is not defined. (no-undef)
  scripts/objects/phone.service.js:53:32: 'THREE' is not defined. (no-undef)
  scripts/objects/phone.service.js:53:47: 'THREE' is not defined. (no-undef)
  scripts/objects/phone.service.js:53:83: 'THREE' is not defined. (no-undef)
  scripts/objects/phone.service.js:55:15: 'THREE' is not defined. (no-undef)
  scripts/objects/phone.service.js:57:32: 'THREE' is not defined. (no-undef)
  scripts/objects/phone.service.js:57:47: 'THREE' is not defined. (no-undef)
  scripts/objects/phone.service.js:57:82: 'THREE' is not defined. (no-undef)
  scripts/objects/phone.service.js:59:15: 'THREE' is not defined. (no-undef)
  scripts/objects/phone.service.js:61:31: 'THREE' is not defined. (no-undef)
  scripts/objects/phone.service.js:61:46: 'THREE' is not defined. (no-undef)
  scripts/objects/phone.service.js:61:82: 'THREE' is not defined. (no-undef)
  scripts/objects/phone.service.js:63:15: 'THREE' is not defined. (no-undef)
  scripts/objects/phone.service.js:65:37: 'THREE' is not defined. (no-undef)
  scripts/objects/phone.service.js:67:40: 'THREE' is not defined. (no-undef)
  scripts/objects/phone.service.js:68:40: 'THREE' is not defined. (no-undef)
  scripts/objects/phone.service.js:73:36: 'THREE' is not defined. (no-undef)
  scripts/objects/phone.service.js:88:28: 'THREE' is not defined. (no-undef)
  scripts/objects/phone.service.js:88:43: 'THREE' is not defined. (no-undef)
  scripts/objects/phone.service.js:89:13: 'THREE' is not defined. (no-undef)
  scripts/objects/phone.service.js:116:35: 'THREE' is not defined. (no-undef)
  scripts/objects/phone.service.js:117:35: 'THREE' is not defined. (no-undef)
  scripts/objects/phone.service.js:118:44: 'THREE' is not defined. (no-undef)
  scripts/objects/phone.service.js:119:44: 'THREE' is not defined. (no-undef)
  scripts/objects/portfolio.service.js:4:3: 'angular' is not defined. (no-undef)
  scripts/objects/portfolio.service.js:16:29: 'THREE' is not defined. (no-undef)
  scripts/objects/portfolio.service.js:22:31: 'THREE' is not defined. (no-undef)
  scripts/objects/portfolio.service.js:23:31: 'THREE' is not defined. (no-undef)
  scripts/objects/portfolio.service.js:24:31: 'THREE' is not defined. (no-undef)
  scripts/objects/portfolio.service.js:25:27: 'THREE' is not defined. (no-undef)
  scripts/objects/portfolio.service.js:26:27: 'THREE' is not defined. (no-undef)
  scripts/objects/portfolio.service.js:30:32: 'THREE' is not defined. (no-undef)
  scripts/objects/portfolio.service.js:31:32: 'THREE' is not defined. (no-undef)
  scripts/objects/portfolio.service.js:32:32: 'THREE' is not defined. (no-undef)
  scripts/objects/portfolio.service.js:33:28: 'THREE' is not defined. (no-undef)
  scripts/objects/portfolio.service.js:34:28: 'THREE' is not defined. (no-undef)
  scripts/objects/portfolio.service.js:38:34: 'THREE' is not defined. (no-undef)
  scripts/objects/portfolio.service.js:40:38: 'THREE' is not defined. (no-undef)
  scripts/objects/portfolio.service.js:41:13: 'THREE' is not defined. (no-undef)
  scripts/objects/portfolio.service.js:42:13: 'THREE' is not defined. (no-undef)
  scripts/objects/portfolio.service.js:49:37: 'THREE' is not defined. (no-undef)
  scripts/objects/portfolio.service.js:50:13: 'THREE' is not defined. (no-undef)
  scripts/objects/portfolio.service.js:51:13: 'THREE' is not defined. (no-undef)
  scripts/objects/portfolio.service.js:61:33: 'THREE' is not defined. (no-undef)
  scripts/objects/portfolio.service.js:62:37: 'THREE' is not defined. (no-undef)
  scripts/objects/portfolio.service.js:66:38: 'THREE' is not defined. (no-undef)
  scripts/objects/portfolio.service.js:71:35: 'THREE' is not defined. (no-undef)
  scripts/objects/portfolio.service.js:77:34: 'THREE' is not defined. (no-undef)
  scripts/objects/portfolio.service.js:78:34: 'THREE' is not defined. (no-undef)
  scripts/objects/portfolio.service.js:84:36: 'THREE' is not defined. (no-undef)
  scripts/objects/portfolio.service.js:89:36: 'THREE' is not defined. (no-undef)
  scripts/objects/portfolio.service.js:94:36: 'THREE' is not defined. (no-undef)
  scripts/objects/portfolio.service.js:99:32: 'THREE' is not defined. (no-undef)
  scripts/objects/portfolio.service.js:101:31: 'THREE' is not defined. (no-undef)
  scripts/objects/portfolio.service.js:103:31: 'THREE' is not defined. (no-undef)
  scripts/objects/portfolio.service.js:104:31: 'THREE' is not defined. (no-undef)
  scripts/objects/portfolio.service.js:106:32: 'THREE' is not defined. (no-undef)
  scripts/objects/portfolio.service.js:108:19: 'THREE' is not defined. (no-undef)
  scripts/objects/portfolio.service.js:113:33: 'THREE' is not defined. (no-undef)
  scripts/objects/portfolio.service.js:131:35: 'THREE' is not defined. (no-undef)
  scripts/objects/portfolio.service.js:133:45: 'THREE' is not defined. (no-undef)
  scripts/objects/portfolio.service.js:134:45: 'THREE' is not defined. (no-undef)
  scripts/objects/portfolio.service.js:135:49: 'THREE' is not defined. (no-undef)
  scripts/objects/portfolio.service.js:136:49: 'THREE' is not defined. (no-undef)
  scripts/objects/portfolio.service.js:137:54: 'THREE' is not defined. (no-undef)
  scripts/objects/portfolio.service.js:138:54: 'THREE' is not defined. (no-undef)
  scripts/objects/portfolio.service.js:142:44: 'THREE' is not defined. (no-undef)
  scripts/objects/portfolio.service.js:143:44: 'THREE' is not defined. (no-undef)
  scripts/objects/portfolio.service.js:144:48: 'THREE' is not defined. (no-undef)
  scripts/objects/portfolio.service.js:145:48: 'THREE' is not defined. (no-undef)
  scripts/objects/portfolio.service.js:146:53: 'THREE' is not defined. (no-undef)
  scripts/objects/portfolio.service.js:147:53: 'THREE' is not defined. (no-undef)
  scripts/objects/portfolio.service.js:151:47: 'THREE' is not defined. (no-undef)
  scripts/objects/portfolio.service.js:152:47: 'THREE' is not defined. (no-undef)
  scripts/objects/portfolio.service.js:153:51: 'THREE' is not defined. (no-undef)
  scripts/objects/portfolio.service.js:154:51: 'THREE' is not defined. (no-undef)
  scripts/objects/portfolio.service.js:155:56: 'THREE' is not defined. (no-undef)
  scripts/objects/portfolio.service.js:156:56: 'THREE' is not defined. (no-undef)
  scripts/objects/portfolio.service.js:160:39: 'THREE' is not defined. (no-undef)
  scripts/objects/portfolio.service.js:161:39: 'THREE' is not defined. (no-undef)
  scripts/objects/portfolio.service.js:162:48: 'THREE' is not defined. (no-undef)
  scripts/objects/portfolio.service.js:163:48: 'THREE' is not defined. (no-undef)
  scripts/objects/portfolio.service.js:179:26: The object literal notation {} is preferable. (no-new-object)
  scripts/objects/postCard.service.js:4:3: 'angular' is not defined. (no-undef)
  scripts/objects/postCard.service.js:17:33: 'THREE' is not defined. (no-undef)
  scripts/objects/postCard.service.js:18:35: 'THREE' is not defined. (no-undef)
  scripts/objects/postCard.service.js:19:35: 'THREE' is not defined. (no-undef)
  scripts/objects/postCard.service.js:20:35: 'THREE' is not defined. (no-undef)
  scripts/objects/postCard.service.js:21:31: 'THREE' is not defined. (no-undef)
  scripts/objects/postCard.service.js:22:31: 'THREE' is not defined. (no-undef)
  scripts/objects/postCard.service.js:30:15: Expected '===' and instead saw '=='. (eqeqeq)
  scripts/objects/postCard.service.js:31:11: Unexpected var, use let or const instead. (no-var) (warning)
  scripts/objects/postCard.service.js:31:28: 'THREE' is not defined. (no-undef)
  scripts/objects/postCard.service.js:31:43: 'THREE' is not defined. (no-undef)
  scripts/objects/postCard.service.js:31:89: 'THREE' is not defined. (no-undef)
  scripts/objects/postCard.service.js:34:19: 'THREE' is not defined. (no-undef)
  scripts/objects/postCard.service.js:36:22: 'THREE' is not defined. (no-undef)
  scripts/objects/postCard.service.js:42:11: Unexpected var, use let or const instead. (no-var) (warning)
  scripts/objects/postCard.service.js:42:15: 'object' is already defined. (no-redeclare)
  scripts/objects/postCard.service.js:42:28: 'THREE' is not defined. (no-undef)
  scripts/objects/postCard.service.js:42:43: 'THREE' is not defined. (no-undef)
  scripts/objects/postCard.service.js:42:89: 'THREE' is not defined. (no-undef)
  scripts/objects/postCard.service.js:44:19: 'THREE' is not defined. (no-undef)
  scripts/objects/postCard.service.js:47:22: 'THREE' is not defined. (no-undef)
  scripts/objects/postCard.service.js:66:34: 'THREE' is not defined. (no-undef)
  scripts/objects/postCard.service.js:74:35: 'THREE' is not defined. (no-undef)
  scripts/objects/postCard.service.js:75:35: 'THREE' is not defined. (no-undef)
  scripts/objects/postCard.service.js:76:35: 'THREE' is not defined. (no-undef)
  scripts/objects/postCard.service.js:77:31: 'THREE' is not defined. (no-undef)
  scripts/objects/postCard.service.js:78:31: 'THREE' is not defined. (no-undef)
  scripts/objects/postCard.service.js:82:28: 'THREE' is not defined. (no-undef)
  scripts/objects/postCard.service.js:82:43: 'THREE' is not defined. (no-undef)
  scripts/objects/postCard.service.js:82:89: 'THREE' is not defined. (no-undef)
  scripts/objects/postCard.service.js:84:15: 'THREE' is not defined. (no-undef)
  scripts/objects/postCard.service.js:87:18: 'THREE' is not defined. (no-undef)
  scripts/objects/postCard.service.js:90:28: 'THREE' is not defined. (no-undef)
  scripts/objects/postCard.service.js:90:43: 'THREE' is not defined. (no-undef)
  scripts/objects/postCard.service.js:91:13: 'THREE' is not defined. (no-undef)
  scripts/objects/postCard.service.js:110:44: 'THREE' is not defined. (no-undef)
  scripts/objects/postCard.service.js:111:44: 'THREE' is not defined. (no-undef)
  scripts/objects/postCard.service.js:112:53: 'THREE' is not defined. (no-undef)
  scripts/objects/postCard.service.js:113:53: 'THREE' is not defined. (no-undef)
  scripts/objects/postCard.service.js:117:31: The object literal notation {} is preferable. (no-new-object)
  scripts/objects/speaker.service.js:4:3: 'angular' is not defined. (no-undef)
  scripts/objects/speaker.service.js:16:32: 'THREE' is not defined. (no-undef)
  scripts/objects/speaker.service.js:18:40: 'THREE' is not defined. (no-undef)
  scripts/objects/speaker.service.js:36:35: 'THREE' is not defined. (no-undef)
  scripts/objects/speaker.service.js:37:35: 'THREE' is not defined. (no-undef)
  scripts/objects/speaker.service.js:40:43: 'THREE' is not defined. (no-undef)
  scripts/objects/speaker.service.js:42:43: 'THREE' is not defined. (no-undef)
  scripts/objects/speaker.service.js:46:38: 'THREE' is not defined. (no-undef)
  scripts/objects/speaker.service.js:63:41: 'THREE' is not defined. (no-undef)
  scripts/objects/speaker.service.js:64:41: 'THREE' is not defined. (no-undef)
  scripts/objects/speaker.service.js:68:31: 'THREE' is not defined. (no-undef)
  scripts/objects/speaker.service.js:69:39: 'THREE' is not defined. (no-undef)
  scripts/objects/speaker.service.js:70:37: 'THREE' is not defined. (no-undef)
  scripts/objects/speaker.service.js:79:27: 'THREE' is not defined. (no-undef)
  scripts/objects/speaker.service.js:84:42: 'THREE' is not defined. (no-undef)
  scripts/objects/speaker.service.js:85:34: 'THREE' is not defined. (no-undef)
  scripts/objects/speaker.service.js:86:34: 'THREE' is not defined. (no-undef)
  scripts/objects/speaker.service.js:87:34: 'THREE' is not defined. (no-undef)
  scripts/objects/speaker.service.js:88:42: 'THREE' is not defined. (no-undef)
  scripts/objects/speaker.service.js:90:19: 'THREE' is not defined. (no-undef)
  scripts/objects/speaker.service.js:94:47: 'THREE' is not defined. (no-undef)
  scripts/objects/speaker.service.js:102:24: Expected '===' and instead saw '=='. (eqeqeq)
  scripts/objects/speaker.service.js:103:27: 'THREE' is not defined. (no-undef)
  scripts/objects/speaker.service.js:103:42: 'THREE' is not defined. (no-undef)
  scripts/objects/speaker.service.js:103:87: 'THREE' is not defined. (no-undef)
  scripts/objects/speaker.service.js:122:11: 'TweenMax' is not defined. (no-undef)
  scripts/objects/speaker.service.js:123:19: 'Power2' is not defined. (no-undef)
  scripts/objects/speaker.service.js:131:11: 'TweenMax' is not defined. (no-undef)
  scripts/objects/speaker.service.js:132:19: 'Power2' is not defined. (no-undef)
  scripts/objects/tableLamp.service.js:4:3: 'angular' is not defined. (no-undef)
  scripts/objects/tableLamp.service.js:18:43: 'THREE' is not defined. (no-undef)
  scripts/objects/tableLamp.service.js:19:43: 'THREE' is not defined. (no-undef)
  scripts/objects/tableLamp.service.js:22:35: 'THREE' is not defined. (no-undef)
  scripts/objects/tableLamp.service.js:24:41: 'THREE' is not defined. (no-undef)
  scripts/objects/tableLamp.service.js:25:41: 'THREE' is not defined. (no-undef)
  scripts/objects/tableLamp.service.js:28:33: 'THREE' is not defined. (no-undef)
  scripts/objects/tableLamp.service.js:33:41: 'THREE' is not defined. (no-undef)
  scripts/objects/tableLamp.service.js:34:41: 'THREE' is not defined. (no-undef)
  scripts/objects/tableLamp.service.js:37:33: 'THREE' is not defined. (no-undef)
  scripts/objects/tableLamp.service.js:42:41: 'THREE' is not defined. (no-undef)
  scripts/objects/tableLamp.service.js:43:41: 'THREE' is not defined. (no-undef)
  scripts/objects/tableLamp.service.js:46:33: 'THREE' is not defined. (no-undef)
  scripts/objects/tableLamp.service.js:53:37: 'THREE' is not defined. (no-undef)
  scripts/objects/tableLamp.service.js:54:37: 'THREE' is not defined. (no-undef)
  scripts/objects/tableLamp.service.js:55:37: 'THREE' is not defined. (no-undef)
  scripts/objects/tableLamp.service.js:56:37: 'THREE' is not defined. (no-undef)
  scripts/objects/tableLamp.service.js:57:37: 'THREE' is not defined. (no-undef)
  scripts/objects/tableLamp.service.js:58:37: 'THREE' is not defined. (no-undef)
  scripts/objects/tableLamp.service.js:59:37: 'THREE' is not defined. (no-undef)
  scripts/objects/tableLamp.service.js:60:37: 'THREE' is not defined. (no-undef)
  scripts/objects/tableLamp.service.js:61:37: 'THREE' is not defined. (no-undef)
  scripts/objects/tableLamp.service.js:62:37: 'THREE' is not defined. (no-undef)
  scripts/objects/tableLamp.service.js:63:37: 'THREE' is not defined. (no-undef)
  scripts/objects/tableLamp.service.js:64:37: 'THREE' is not defined. (no-undef)
  scripts/objects/tableLamp.service.js:65:37: 'THREE' is not defined. (no-undef)
  scripts/objects/tableLamp.service.js:66:37: 'THREE' is not defined. (no-undef)
  scripts/objects/tableLamp.service.js:67:37: 'THREE' is not defined. (no-undef)
  scripts/objects/tableLamp.service.js:68:37: 'THREE' is not defined. (no-undef)
  scripts/objects/tableLamp.service.js:69:37: 'THREE' is not defined. (no-undef)
  scripts/objects/tableLamp.service.js:70:37: 'THREE' is not defined. (no-undef)
  scripts/objects/tableLamp.service.js:72:42: 'THREE' is not defined. (no-undef)
  scripts/objects/tableLamp.service.js:73:42: 'THREE' is not defined. (no-undef)
  scripts/objects/tableLamp.service.js:76:34: 'THREE' is not defined. (no-undef)
  scripts/objects/tableLamp.service.js:81:41: 'THREE' is not defined. (no-undef)
  scripts/objects/tableLamp.service.js:82:41: 'THREE' is not defined. (no-undef)
  scripts/objects/tableLamp.service.js:88:33: 'THREE' is not defined. (no-undef)
  scripts/objects/tableLamp.service.js:92:34: 'THREE' is not defined. (no-undef)
  scripts/objects/tableLamp.service.js:93:18: 'THREE' is not defined. (no-undef)
  scripts/objects/tableLamp.service.js:94:19: 'THREE' is not defined. (no-undef)
  scripts/objects/tableLamp.service.js:96:26: 'THREE' is not defined. (no-undef)
  scripts/objects/tableLamp.service.js:100:29: 'THREE' is not defined. (no-undef)
  scripts/objects/tableLamp.service.js:117:29: 'THREE' is not defined. (no-undef)
  scripts/objects/tableLamp.service.js:148:28: 'THREE' is not defined. (no-undef)
  scripts/objects/tableLamp.service.js:153:7: 'TweenMax' is not defined. (no-undef)
  scripts/objects/tableLamp.service.js:154:15: 'Power2' is not defined. (no-undef)
  scripts/objects/tableLamp.service.js:158:7: 'TweenMax' is not defined. (no-undef)
  scripts/objects/tableLamp.service.js:159:15: 'Power2' is not defined. (no-undef)
  scripts/objects/tableLamp.service.js:164:7: 'TweenMax' is not defined. (no-undef)
  scripts/objects/tableLamp.service.js:165:15: 'Power2' is not defined. (no-undef)
  scripts/objects/tableLamp.service.js:170:7: 'TweenMax' is not defined. (no-undef)
  scripts/objects/tableLamp.service.js:171:15: 'Power2' is not defined. (no-undef)
  scripts/objects/tableLamp.service.js:177:7: 'TweenMax' is not defined. (no-undef)
  scripts/objects/tableLamp.service.js:178:15: 'Power2' is not defined. (no-undef)
  scripts/objects/tableLamp.service.js:182:7: 'TweenMax' is not defined. (no-undef)
  scripts/objects/tableLamp.service.js:183:15: 'Power2' is not defined. (no-undef)
  scripts/objects/tableLamp.service.js:188:7: 'TweenMax' is not defined. (no-undef)
  scripts/objects/tableLamp.service.js:189:15: 'Power2' is not defined. (no-undef)
  scripts/objects/tableLamp.service.js:194:7: 'TweenMax' is not defined. (no-undef)
  scripts/objects/tableLamp.service.js:195:15: 'Power2' is not defined. (no-undef)
  scripts/objects/tablet.service.js:4:3: 'angular' is not defined. (no-undef)
  scripts/objects/tablet.service.js:16:26: 'THREE' is not defined. (no-undef)
  scripts/objects/tablet.service.js:21:23: The object literal notation {} is preferable. (no-new-object)
  scripts/objects/tablet.service.js:26:31: 'THREE' is not defined. (no-undef)
  scripts/objects/tablet.service.js:36:34: 'THREE' is not defined. (no-undef)
  scripts/objects/tablet.service.js:37:34: 'THREE' is not defined. (no-undef)
  scripts/objects/tablet.service.js:40:30: 'THREE' is not defined. (no-undef)
  scripts/objects/tablet.service.js:41:32: 'THREE' is not defined. (no-undef)
  scripts/objects/tablet.service.js:41:47: 'THREE' is not defined. (no-undef)
  scripts/objects/tablet.service.js:41:88: 'THREE' is not defined. (no-undef)
  scripts/objects/tablet.service.js:43:15: 'THREE' is not defined. (no-undef)
  scripts/objects/tablet.service.js:46:32: 'THREE' is not defined. (no-undef)
  scripts/objects/tablet.service.js:46:47: 'THREE' is not defined. (no-undef)
  scripts/objects/tablet.service.js:46:83: 'THREE' is not defined. (no-undef)
  scripts/objects/tablet.service.js:47:15: 'THREE' is not defined. (no-undef)
  scripts/objects/tablet.service.js:52:33: 'THREE' is not defined. (no-undef)
  scripts/objects/tablet.service.js:52:48: 'THREE' is not defined. (no-undef)
  scripts/objects/tablet.service.js:52:84: 'THREE' is not defined. (no-undef)
  scripts/objects/tablet.service.js:54:15: 'THREE' is not defined. (no-undef)
  scripts/objects/tablet.service.js:56:32: 'THREE' is not defined. (no-undef)
  scripts/objects/tablet.service.js:56:47: 'THREE' is not defined. (no-undef)
  scripts/objects/tablet.service.js:56:83: 'THREE' is not defined. (no-undef)
  scripts/objects/tablet.service.js:58:15: 'THREE' is not defined. (no-undef)
  scripts/objects/tablet.service.js:69:28: 'THREE' is not defined. (no-undef)
  scripts/objects/tablet.service.js:69:43: 'THREE' is not defined. (no-undef)
  scripts/objects/tablet.service.js:70:13: 'THREE' is not defined. (no-undef)
  scripts/objects/tablet.service.js:96:36: 'THREE' is not defined. (no-undef)
  scripts/objects/tablet.service.js:97:36: 'THREE' is not defined. (no-undef)
  scripts/objects/tablet.service.js:98:45: 'THREE' is not defined. (no-undef)
  scripts/objects/tablet.service.js:99:45: 'THREE' is not defined. (no-undef)
  scripts/scene/background.service.js:4:3: 'angular' is not defined. (no-undef)
  scripts/scene/background.service.js:14:30: 'THREE' is not defined. (no-undef)
  scripts/scene/background.service.js:15:29: 'THREE' is not defined. (no-undef)
  scripts/scene/background.service.js:15:44: 'THREE' is not defined. (no-undef)
  scripts/scene/background.service.js:15:85: 'THREE' is not defined. (no-undef)
  scripts/scene/background.service.js:18:29: 'THREE' is not defined. (no-undef)
  scripts/scene/background.service.js:18:44: 'THREE' is not defined. (no-undef)
  scripts/scene/background.service.js:18:85: 'THREE' is not defined. (no-undef)
  scripts/scene/background.service.js:21:31: 'THREE' is not defined. (no-undef)
  scripts/scene/background.service.js:21:46: 'THREE' is not defined. (no-undef)
  scripts/scene/background.service.js:21:87: 'THREE' is not defined. (no-undef)
  scripts/scene/light.service.js:4:3: 'angular' is not defined. (no-undef)
  scripts/scene/light.service.js:16:32: 'THREE' is not defined. (no-undef)
  scripts/scene/light.service.js:23:30: 'THREE' is not defined. (no-undef)
  scripts/scene/light.service.js:38:37: 'THREE' is not defined. (no-undef)
  scripts/scene/scene.module.js:3:3: 'angular' is not defined. (no-undef)

