Results of phpcs linter (version 3.7.2)
See documentation on https://megalinter.io/7.3.0/descriptors/php_phpcs/
-----------------------------------------------

❌ [ERROR] for workspace /github/workspace
Linter raw log:

FILE: mailscript.php
----------------------------------------------------------------------
FOUND 7 ERRORS AFFECTING 6 LINES
----------------------------------------------------------------------
 1 | ERROR | [x] Header blocks must be separated by a single blank
   |       |     line
 3 | ERROR | [x] Expected at least 1 space before "."; 0 found
 3 | ERROR | [x] Expected at least 1 space after "."; 0 found
 4 | ERROR | [x] Expected 1 space(s) after IF keyword; 0 found
 5 | ERROR | [x] Line indented incorrectly; expected at least 4
   |       |     spaces, found 0
 7 | ERROR | [x] Line indented incorrectly; expected at least 4
   |       |     spaces, found 0
 9 | ERROR | [x] A closing tag is not permitted at the end of a PHP
   |       |     file
----------------------------------------------------------------------
PHPCBF CAN FIX THE 7 MARKED SNIFF VIOLATIONS AUTOMATICALLY
----------------------------------------------------------------------

Time: 54ms; Memory: 8MB


