Results of stylelint linter (version 15.10.2)
See documentation on https://megalinter.io/7.3.0/descriptors/css_stylelint/
-----------------------------------------------

❌ [ERROR] for workspace /github/workspace
Linter raw log:
styles/_bootflat.scss: you should use the "customSyntax" option when linting something other than CSS
styles/_reset.scss: you should use the "customSyntax" option when linting something other than CSS
styles/lite.scss: you should use the "customSyntax" option when linting something other than CSS
styles/main.scss: you should use the "customSyntax" option when linting something other than CSS

styles/_bootflat.scss
  156:11  ✖  Unexpected unknown function "alpha"                                                                                                                                                                                              function-no-unknown
  193:1   ✖  Expected selector ".btn-default" to come before selector ".btn-default:hover"                                                                                                                                                    no-descending-specificity
  372:1   ✖  Expected selector ".btn-group-vertical .btn" to come before selector ".btn-group .btn:first-child"                                                                                                                               no-descending-specificity
  377:1   ✖  Expected selector ".btn-group-vertical .btn-primary" to come before selector ".btn-group .btn-primary:focus"                                                                                                                     no-descending-specificity
  385:1   ✖  Expected selector ".btn-group-vertical .btn-success" to come before selector ".btn-group .btn-success:focus"                                                                                                                     no-descending-specificity
  393:1   ✖  Expected selector ".btn-group-vertical .btn-warning" to come before selector ".btn-group .btn-warning:focus"                                                                                                                     no-descending-specificity
  401:1   ✖  Expected selector ".btn-group-vertical .btn-danger" to come before selector ".btn-group .btn-danger:focus"                                                                                                                       no-descending-specificity
  409:1   ✖  Expected selector ".btn-group-vertical .btn-info" to come before selector ".btn-group .btn-info:focus"                                                                                                                           no-descending-specificity
  615:1   ✖  Expected selector ".breadcrumb-arrow li a" to come before selector ".breadcrumb-arrow li:first-child a"                                                                                                                          no-descending-specificity
  634:1   ✖  Expected selector ".breadcrumb-arrow li a" to come before selector ".breadcrumb-arrow li:first-child a"                                                                                                                          no-descending-specificity
  641:1   ✖  Unexpected duplicate selector ".breadcrumb-arrow li:first-child a", first used at line 608                                                                                                                                       no-duplicate-selectors
  645:1   ✖  Expected selector ".breadcrumb-arrow li a" to come before selector ".breadcrumb-arrow li:first-child a"                                                                                                                          no-descending-specificity
  653:1   ✖  Unexpected duplicate selector ".breadcrumb-arrow li:first-child a", first used at line 608                                                                                                                                       no-duplicate-selectors
  703:1   ✖  Expected selector ".breadcrumb-arrow li span" to come before selector ".breadcrumb-arrow li:not(:first-child) span"                                                                                                              no-descending-specificity
  703:1   ✖  Unexpected duplicate selector ".breadcrumb-arrow li span", first used at line 630                                                                                                                                                no-duplicate-selectors
  713:1   ✖  Expected selector ".pagination>li>a" to come before selector ".breadcrumb-arrow li:first-child a"                                                                                                                                no-descending-specificity
  714:1   ✖  Expected selector ".pagination>li>span" to come before selector ".breadcrumb-arrow li:not(:first-child) span"                                                                                                                    no-descending-specificity
  729:1   ✖  Expected selector ".pagination>.active>a" to come before selector ".breadcrumb-arrow li:first-child a"                                                                                                                           no-descending-specificity
  730:1   ✖  Expected selector ".pagination>.active>span" to come before selector ".breadcrumb-arrow li:not(:first-child) span"                                                                                                               no-descending-specificity
  740:1   ✖  Expected selector ".pagination>.disabled>span" to come before selector ".breadcrumb-arrow li:not(:first-child) span"                                                                                                             no-descending-specificity
  743:1   ✖  Expected selector ".pagination>.disabled>a" to come before selector ".breadcrumb-arrow li:first-child a"                                                                                                                         no-descending-specificity
  757:1   ✖  Expected selector ".pager li>a" to come before selector ".breadcrumb-arrow li:first-child a"                                                                                                                                     no-descending-specificity
  758:1   ✖  Expected selector ".pager li>span" to come before selector ".breadcrumb-arrow li:not(:first-child) span"                                                                                                                         no-descending-specificity
  764:1   ✖  Expected selector ".pager li>a:hover" to come before selector ".pagination>.active>a:hover"                                                                                                                                      no-descending-specificity
  765:1   ✖  Expected selector ".pager li>a:focus" to come before selector ".pagination>.active>a:hover"                                                                                                                                      no-descending-specificity
  770:1   ✖  Expected selector ".pager .disabled>a" to come before selector ".breadcrumb-arrow li:first-child a"                                                                                                                              no-descending-specificity
  773:1   ✖  Expected selector ".pager .disabled>span" to come before selector ".breadcrumb-arrow li:not(:first-child) span"                                                                                                                  no-descending-specificity
  813:1   ✖  Expected selector ".input-group-btn .btn+.btn" to come before selector ".btn-group-vertical .btn:not(.btn-default):first-child"                                                                                                  no-descending-specificity
  881:1   ✖  Expected selector ".form-search .btn" to come before selector ".btn-group .btn:first-child"                                                                                                                                      no-descending-specificity
  916:1   ✖  Expected selector ".has-success .form-control" to come before selector ".input-group .form-control:last-child"                                                                                                                   no-descending-specificity
  948:1   ✖  Expected selector ".has-warning .form-control" to come before selector ".input-group .form-control:last-child"                                                                                                                   no-descending-specificity
  980:1   ✖  Expected selector ".has-error .form-control" to come before selector ".input-group .form-control:last-child"                                                                                                                     no-descending-specificity
 1075:11  ✖  Unexpected unknown function "alpha"                                                                                                                                                                                              function-no-unknown
 1101:11  ✖  Unexpected unknown function "alpha"                                                                                                                                                                                              function-no-unknown
 1298:1   ✖  Expected selector ".selecter.multiple .selecter-options" to come before selector ".selecter.bottom.open .selecter-options"                                                                                                       no-descending-specificity
 1309:1   ✖  Expected selector ".selecter.disabled .selecter-selected" to come before selector ".selecter.cover.open .selecter-selected"                                                                                                      no-descending-specificity
 1316:1   ✖  Expected selector ".selecter.disabled .selecter-options" to come before selector ".selecter.bottom.open .selecter-options"                                                                                                       no-descending-specificity
 1322:1   ✖  Expected selector ".selecter.disabled .selecter-item" to come before selector ".selecter.disabled .selecter-item:hover"                                                                                                          no-descending-specificity
 1332:11  ✖  Unexpected unknown function "alpha"                                                                                                                                                                                              function-no-unknown
 1351:1   ✖  Expected selector ".checkbox" to come before selector ".input-group-addon .checkbox"                                                                                                                                             no-descending-specificity
 1352:1   ✖  Expected selector ".radio" to come before selector ".input-group-addon .radio"                                                                                                                                                   no-descending-specificity
 1364:1   ✖  Expected class selector ".icheckbox_flat" to be kebab-case                                                                                                                                                                       selector-class-pattern
 1365:1   ✖  Expected class selector " .iradio_flat" to be kebab-case                                                                                                                                                                         selector-class-pattern
 1378:1   ✖  Expected class selector ".icheckbox_flat" to be kebab-case                                                                                                                                                                       selector-class-pattern
 1382:1   ✖  Expected class selector ".icheckbox_flat" to be kebab-case                                                                                                                                                                       selector-class-pattern
 1386:1   ✖  Expected class selector ".icheckbox_flat" to be kebab-case                                                                                                                                                                       selector-class-pattern
 1391:1   ✖  Expected class selector ".icheckbox_flat" to be kebab-case                                                                                                                                                                       selector-class-pattern
 1395:1   ✖  Expected class selector ".iradio_flat" to be kebab-case                                                                                                                                                                          selector-class-pattern
 1399:1   ✖  Expected class selector ".iradio_flat" to be kebab-case                                                                                                                                                                          selector-class-pattern
 1403:1   ✖  Expected class selector ".iradio_flat" to be kebab-case                                                                                                                                                                          selector-class-pattern
 1408:1   ✖  Expected class selector ".iradio_flat" to be kebab-case                                                                                                                                                                          selector-class-pattern
 1429:11  ✖  Unexpected unknown function "alpha"                                                                                                                                                                                              function-no-unknown
 1477:11  ✖  Unexpected unknown function "alpha"                                                                                                                                                                                              function-no-unknown
 1643:1   ✖  Expected selector ".pricing .unit" to come before selector ".calendar .days .unit"                                                                                                                                               no-descending-specificity
 1696:1   ✖  Expected selector ".pricing .price-title h3" to come before selector ".pricing .unit.active .price-title h3"                                                                                                                     no-descending-specificity
 1770:1   ✖  Expected selector ".alert h4" to come before selector ".pricing .price-body h4"                                                                                                                                                  no-descending-specificity
 1802:11  ✖  Unexpected unknown function "alpha"                                                                                                                                                                                              function-no-unknown
 1808:11  ✖  Unexpected unknown function "alpha"                                                                                                                                                                                              function-no-unknown
 1816:11  ✖  Unexpected unknown function "alpha"                                                                                                                                                                                              function-no-unknown
 1823:11  ✖  Unexpected unknown function "alpha"                                                                                                                                                                                              function-no-unknown
 1841:1   ✖  Expected selector ".nav-tabs>li" to come before selector ".breadcrumb-arrow li:not(:first-child)"                                                                                                                                no-descending-specificity
 1850:1   ✖  Expected selector ".nav-tabs>li>a" to come before selector ".breadcrumb-arrow li:first-child a"                                                                                                                                  no-descending-specificity
 1859:1   ✖  Expected selector ".nav-tabs>li:first-child>a" to come before selector ".pagination>.active>a:hover"                                                                                                                             no-descending-specificity
 1865:1   ✖  Expected selector ".nav-tabs>li>a:focus" to come before selector ".pagination>.active>a:hover"                                                                                                                                   no-descending-specificity
 1866:1   ✖  Expected selector ".nav-tabs>li>a:hover" to come before selector ".pagination>.active>a:hover"                                                                                                                                   no-descending-specificity
 1871:1   ✖  Expected selector ".nav-tabs>li.active>a" to come before selector ".pagination>.active>a:hover"                                                                                                                                  no-descending-specificity
 1878:1   ✖  Expected selector ".nav-tabs .dropdown-toggle" to come before selector ".btn-group.open .dropdown-toggle"                                                                                                                        no-descending-specificity
 1894:1   ✖  Expected selector ".nav-tabs li.dropdown.active .dropdown-toggle .caret" to come before selector ".nav-tabs li.dropdown.active.open .dropdown-toggle .caret"                                                                     no-descending-specificity
 1899:1   ✖  Expected selector ".nav-tabs li.dropdown.open .caret" to come before selector ".nav-tabs li.dropdown.active.open .dropdown-toggle .caret"                                                                                        no-descending-specificity
 1900:1   ✖  Expected selector ".nav-tabs li.dropdown.open.active .caret" to come before selector ".nav-tabs li.dropdown.active.open .dropdown-toggle .caret"                                                                                 no-descending-specificity
 1901:1   ✖  Expected selector ".nav-tabs li.dropdown.open a:hover .caret" to come before selector ".nav-tabs li.dropdown.active.open .dropdown-toggle .caret"                                                                                no-descending-specificity
 1902:1   ✖  Expected selector ".nav-tabs li.dropdown.open a:focus .caret" to come before selector ".nav-tabs li.dropdown.active.open .dropdown-toggle .caret"                                                                                no-descending-specificity
 1903:1   ✖  Expected selector ".nav-tabs .dropdown-toggle .caret" to come before selector ".nav-tabs li.dropdown.active.open .dropdown-toggle .caret"                                                                                        no-descending-specificity
 1904:1   ✖  Expected selector ".nav-tabs .dropdown-toggle:hover .caret" to come before selector ".nav-tabs li.dropdown.active.open .dropdown-toggle .caret"                                                                                  no-descending-specificity
 1905:1   ✖  Expected selector ".nav-tabs .dropdown-toggle:focus .caret" to come before selector ".nav-tabs li.dropdown.active.open .dropdown-toggle .caret"                                                                                  no-descending-specificity
 1910:1   ✖  Expected selector ".nav-tabs.nav-justified>li>a" to come before selector ".pagination>.active>a:hover"                                                                                                                           no-descending-specificity
 1920:1   ✖  Expected selector ".nav-tabs.nav-justified>li>a" to come before selector ".pagination>.active>a:hover"                                                                                                                           no-descending-specificity
 1920:1   ✖  Unexpected duplicate selector ".nav-tabs.nav-justified>li>a", first used at line 1910                                                                                                                                            no-duplicate-selectors
 1938:1   ✖  Expected selector ".nav-tabs.nav-justified>.active>a" to come before selector ".nav-tabs>li.active>a:focus"                                                                                                                      no-descending-specificity
 1968:1   ✖  Expected selector ".tabs-below .nav-tabs>li:first-child>a" to come before selector ".nav-tabs.nav-justified>.active>a:hover"                                                                                                     no-descending-specificity
 1992:1   ✖  Expected selector ".tabs-left .nav-tabs>li>a" to come before selector ".pagination>.active>a:hover"                                                                                                                              no-descending-specificity
 1993:1   ✖  Expected selector ".tabs-right .nav-tabs>li>a" to come before selector ".pagination>.active>a:hover"                                                                                                                             no-descending-specificity
 2006:1   ✖  Expected selector ".tabs-left .nav-tabs>li:first-child>a" to come before selector ".nav-tabs.nav-justified>.active>a:hover"                                                                                                      no-descending-specificity
 2012:1   ✖  Expected selector ".tabs-left .nav-tabs>li:last-child>a" to come before selector ".nav-tabs.nav-justified>.active>a:hover"                                                                                                       no-descending-specificity
 2026:1   ✖  Expected selector ".tabs-right .nav-tabs>li:first-child>a" to come before selector ".nav-tabs.nav-justified>.active>a:hover"                                                                                                     no-descending-specificity
 2032:1   ✖  Expected selector ".tabs-right .nav-tabs>li:last-child>a" to come before selector ".nav-tabs.nav-justified>.active>a:hover"                                                                                                      no-descending-specificity
 2044:1   ✖  Expected selector ".nav-pills>li.active>a" to come before selector ".pagination>.active>a:hover"                                                                                                                                 no-descending-specificity
 2045:1   ✖  Expected selector ".nav-pills>li.active>a:hover" to come before selector ".nav-tabs.nav-justified>.active>a:hover"                                                                                                               no-descending-specificity
 2046:1   ✖  Expected selector ".nav-pills>li.active>a:focus" to come before selector ".nav-tabs.nav-justified>.active>a:hover"                                                                                                               no-descending-specificity
 2051:1   ✖  Expected selector ".nav-pills>li>a" to come before selector ".breadcrumb-arrow li:first-child a"                                                                                                                                 no-descending-specificity
 2055:1   ✖  Expected selector ".nav-pills>li>a:hover" to come before selector ".pagination>.active>a:hover"                                                                                                                                  no-descending-specificity
 2064:1   ✖  Expected selector ".nav-pills .open>a" to come before selector ".breadcrumb-arrow li:first-child a"                                                                                                                              no-descending-specificity
 2065:1   ✖  Expected selector ".nav-pills .open>a:focus" to come before selector ".nav-tabs>li.active>a:focus"                                                                                                                               no-descending-specificity
 2066:1   ✖  Expected selector ".nav-pills .open>a:hover" to come before selector ".nav-tabs>li.active>a:focus"                                                                                                                               no-descending-specificity
 2088:1   ✖  Expected selector ".navbar-default .btn-link" to come before selector ".alert .btn-link:hover"                                                                                                                                   no-descending-specificity
 2102:1   ✖  Expected selector ".navbar-default .navbar-nav>li>a" to come before selector ".pagination>.active>a:hover"                                                                                                                       no-descending-specificity
 2106:1   ✖  Expected selector ".navbar-default .navbar-nav>li>a:hover" to come before selector ".nav-tabs.nav-justified>.active>a:hover"                                                                                                     no-descending-specificity
 2107:1   ✖  Expected selector ".navbar-default .navbar-nav>li>a:focus" to come before selector ".nav-tabs.nav-justified>.active>a:hover"                                                                                                     no-descending-specificity
 2111:1   ✖  Expected selector ".navbar-default .navbar-nav>.active>a" to come before selector ".nav-tabs>li.active>a:focus"                                                                                                                  no-descending-specificity
 2112:1   ✖  Expected selector ".navbar-default .navbar-nav>.active>a:hover" to come before selector ".tabs-below .nav-tabs.nav-justified>li:last-child>a"                                                                                    no-descending-specificity
 2113:1   ✖  Expected selector ".navbar-default .navbar-nav>.active>a:focus" to come before selector ".tabs-below .nav-tabs.nav-justified>li:last-child>a"                                                                                    no-descending-specificity
 2122:1   ✖  Expected selector ".navbar-default .navbar-nav>.disabled>a" to come before selector ".nav-tabs>li.active>a:focus"                                                                                                                no-descending-specificity
 2123:1   ✖  Expected selector ".navbar-default .navbar-nav>.disabled>a:hover" to come before selector ".tabs-below .nav-tabs.nav-justified>li:last-child>a"                                                                                  no-descending-specificity
 2124:1   ✖  Expected selector ".navbar-default .navbar-nav>.disabled>a:focus" to come before selector ".tabs-below .nav-tabs.nav-justified>li:last-child>a"                                                                                  no-descending-specificity
 2149:1   ✖  Expected selector ".navbar-default .navbar-nav>.open>a" to come before selector ".nav-tabs>li.active>a:focus"                                                                                                                    no-descending-specificity
 2150:1   ✖  Expected selector ".navbar-default .navbar-nav>.open>a:hover" to come before selector ".tabs-below .nav-tabs.nav-justified>li:last-child>a"                                                                                      no-descending-specificity
 2151:1   ✖  Expected selector ".navbar-default .navbar-nav>.open>a:focus" to come before selector ".tabs-below .nav-tabs.nav-justified>li:last-child>a"                                                                                      no-descending-specificity
 2169:3   ✖  Expected selector ".navbar-default .navbar-nav .open .dropdown-menu>.active>a" to come before selector ".navbar-default .navbar-nav .open .dropdown-menu>li>a:hover"                                                             no-descending-specificity
 2178:3   ✖  Expected selector ".navbar-default .navbar-nav .open .dropdown-menu>.disabled>a" to come before selector ".navbar-default .navbar-nav .open .dropdown-menu>li>a:hover"                                                           no-descending-specificity
 2190:1   ✖  Expected selector ".navbar-inverse .navbar-brand" to come before selector ".navbar-default .navbar-brand:hover"                                                                                                                  no-descending-specificity
 2191:1   ✖  Expected selector ".navbar-inverse .navbar-link" to come before selector ".navbar-default .navbar-link:hover"                                                                                                                    no-descending-specificity
 2192:1   ✖  Expected selector ".navbar-inverse .btn-link" to come before selector ".alert .btn-link:hover"                                                                                                                                   no-descending-specificity
 2199:1   ✖  Expected selector ".navbar-inverse .btn-link:hover" to come before selector "fieldset[disabled] .navbar-default .btn-link:hover"                                                                                                 no-descending-specificity
 2200:1   ✖  Expected selector ".navbar-inverse .btn-link:focus" to come before selector "fieldset[disabled] .navbar-default .btn-link:hover"                                                                                                 no-descending-specificity
 2206:1   ✖  Expected selector ".navbar-inverse .navbar-nav>li>a" to come before selector ".pagination>.active>a:hover"                                                                                                                       no-descending-specificity
 2210:1   ✖  Expected selector ".navbar-inverse .navbar-nav>li>a:hover" to come before selector ".nav-tabs.nav-justified>.active>a:hover"                                                                                                     no-descending-specificity
 2211:1   ✖  Expected selector ".navbar-inverse .navbar-nav>li>a:focus" to come before selector ".nav-tabs.nav-justified>.active>a:hover"                                                                                                     no-descending-specificity
 2215:1   ✖  Expected selector ".navbar-inverse .navbar-nav>.active>a" to come before selector ".nav-tabs>li.active>a:focus"                                                                                                                  no-descending-specificity
 2216:1   ✖  Expected selector ".navbar-inverse .navbar-nav>.active>a:hover" to come before selector ".tabs-below .nav-tabs.nav-justified>li:last-child>a"                                                                                    no-descending-specificity
 2217:1   ✖  Expected selector ".navbar-inverse .navbar-nav>.active>a:focus" to come before selector ".tabs-below .nav-tabs.nav-justified>li:last-child>a"                                                                                    no-descending-specificity
 2226:1   ✖  Expected selector ".navbar-inverse .navbar-nav>.disabled>a" to come before selector ".nav-tabs>li.active>a:focus"                                                                                                                no-descending-specificity
 2227:1   ✖  Expected selector ".navbar-inverse .navbar-nav>.disabled>a:hover" to come before selector ".tabs-below .nav-tabs.nav-justified>li:last-child>a"                                                                                  no-descending-specificity
 2228:1   ✖  Expected selector ".navbar-inverse .navbar-nav>.disabled>a:focus" to come before selector ".tabs-below .nav-tabs.nav-justified>li:last-child>a"                                                                                  no-descending-specificity
 2233:1   ✖  Expected selector ".navbar-inverse .navbar-toggle" to come before selector ".navbar-default .navbar-toggle:hover"                                                                                                                no-descending-specificity
 2253:1   ✖  Expected selector ".navbar-inverse .navbar-nav>.open>a" to come before selector ".nav-tabs>li.active>a:focus"                                                                                                                    no-descending-specificity
 2254:1   ✖  Expected selector ".navbar-inverse .navbar-nav>.open>a:hover" to come before selector ".tabs-below .nav-tabs.nav-justified>li:last-child>a"                                                                                      no-descending-specificity
 2255:1   ✖  Expected selector ".navbar-inverse .navbar-nav>.open>a:focus" to come before selector ".tabs-below .nav-tabs.nav-justified>li:last-child>a"                                                                                      no-descending-specificity
 2273:3   ✖  Expected selector ".navbar-inverse .navbar-nav .open .dropdown-menu>.active>a" to come before selector ".navbar-inverse .navbar-nav .open .dropdown-menu>li>a:hover"                                                             no-descending-specificity
 2282:3   ✖  Expected selector ".navbar-inverse .navbar-nav .open .dropdown-menu>.disabled>a" to come before selector ".navbar-inverse .navbar-nav .open .dropdown-menu>li>a:hover"                                                           no-descending-specificity
 2568:1   ✖  Expected selector ".thumbnail>img" to come before selector ".thumbnail a>img"                                                                                                                                                    no-descending-specificity
 2578:1   ✖  Expected selector ".thumbnail .caption h3" to come before selector ".pricing .unit.active .price-title h3"                                                                                                                       no-descending-specificity
 2630:1   ✖  Expected selector ".jumbotron .carousel-inner>.item>a>img" to come before selector ".jumbotron .carousel-inner>.item.active img"                                                                                                 no-descending-specificity
 2631:1   ✖  Expected selector ".jumbotron .carousel-inner>.item>img" to come before selector ".jumbotron .carousel-inner>.item.active img"                                                                                                   no-descending-specificity
 2647:1   ✖  Expected selector ".jumbotron h1" to come before selector ".thumbnail .caption h1"                                                                                                                                               no-descending-specificity
 2649:1   ✖  Expected selector ".jumbotron h2" to come before selector ".thumbnail .caption h2"                                                                                                                                               no-descending-specificity
 2654:1   ✖  Expected selector ".jumbotron h1" to come before selector ".thumbnail .caption h1"                                                                                                                                               no-descending-specificity
 2659:1   ✖  Expected selector ".jumbotron h2" to come before selector ".thumbnail .caption h2"                                                                                                                                               no-descending-specificity
 2664:1   ✖  Expected selector ".jumbotron p" to come before selector ".pricing .price-title h3>p"                                                                                                                                            no-descending-specificity
 2810:1   ✖  Expected selector ".panel>.table:first-child>tbody:first-child>tr:first-child td:first-child" to come before selector ".panel>.table-responsive:first-child>.table:first-child>thead:first-child>tr:first-child td:first-child"  no-descending-specificity
 2814:1   ✖  Expected selector ".panel>.table:first-child>tbody:first-child>tr:first-child th:first-child" to come before selector ".panel>.table-responsive:first-child>.table:first-child>thead:first-child>tr:first-child th:first-child"  no-descending-specificity
 2821:1   ✖  Expected selector ".panel>.table:first-child>thead:first-child>tr:first-child td:last-child" to come before selector ".panel>.table-responsive:first-child>.table:first-child>thead:first-child>tr:first-child td:first-child"   no-descending-specificity
 2823:1   ✖  Expected selector ".panel>.table:first-child>tbody:first-child>tr:first-child td:last-child" to come before selector ".panel>.table-responsive:first-child>.table:first-child>thead:first-child>tr:first-child td:first-child"   no-descending-specificity
 2825:1   ✖  Expected selector ".panel>.table:first-child>thead:first-child>tr:first-child th:last-child" to come before selector ".panel>.table-responsive:first-child>.table:first-child>thead:first-child>tr:first-child th:first-child"   no-descending-specificity
 2827:1   ✖  Expected selector ".panel>.table:first-child>tbody:first-child>tr:first-child th:last-child" to come before selector ".panel>.table-responsive:first-child>.table:first-child>thead:first-child>tr:first-child th:first-child"   no-descending-specificity
 2834:1   ✖  Expected selector ".panel>.table:last-child" to come before selector ".panel>.table-responsive:first-child>.table:first-child"                                                                                                   no-descending-specificity
 2841:1   ✖  Expected selector ".panel>.table:last-child>tbody:last-child>tr:last-child td:first-child" to come before selector ".panel>.table-responsive:first-child>.table:first-child>thead:first-child>tr:first-child td:first-child"     no-descending-specificity
 2843:1   ✖  Expected selector ".panel>.table:last-child>tfoot:last-child>tr:last-child td:first-child" to come before selector ".panel>.table-responsive:first-child>.table:first-child>thead:first-child>tr:first-child td:first-child"     no-descending-specificity
 2845:1   ✖  Expected selector ".panel>.table:last-child>tbody:last-child>tr:last-child th:first-child" to come before selector ".panel>.table-responsive:first-child>.table:first-child>thead:first-child>tr:first-child th:first-child"     no-descending-specificity
 2847:1   ✖  Expected selector ".panel>.table:last-child>tfoot:last-child>tr:last-child th:first-child" to come before selector ".panel>.table-responsive:first-child>.table:first-child>thead:first-child>tr:first-child th:first-child"     no-descending-specificity
 2854:1   ✖  Expected selector ".panel>.table:last-child>tbody:last-child>tr:last-child td:last-child" to come before selector ".panel>.table-responsive:first-child>.table:first-child>thead:first-child>tr:first-child td:first-child"      no-descending-specificity
 2856:1   ✖  Expected selector ".panel>.table:last-child>tfoot:last-child>tr:last-child td:last-child" to come before selector ".panel>.table-responsive:first-child>.table:first-child>thead:first-child>tr:first-child td:first-child"      no-descending-specificity
 2858:1   ✖  Expected selector ".panel>.table:last-child>tbody:last-child>tr:last-child th:last-child" to come before selector ".panel>.table-responsive:first-child>.table:first-child>thead:first-child>tr:first-child th:first-child"      no-descending-specificity
 2860:1   ✖  Expected selector ".panel>.table:last-child>tfoot:last-child>tr:last-child th:last-child" to come before selector ".panel>.table-responsive:first-child>.table:first-child>thead:first-child>tr:first-child th:first-child"      no-descending-specificity
 2867:1   ✖  Expected selector ".panel>.panel-body+.table" to come before selector ".panel>.table-responsive:first-child>.table:first-child"                                                                                                  no-descending-specificity
 2902:1   ✖  Expected selector ".panel-group .panel-title a" to come before selector ".breadcrumb-arrow li:first-child a"                                                                                                                     no-descending-specificity
 2907:1   ✖  Expected selector ".panel-group-lists .panel" to come before selector ".panel-group .panel+.panel"                                                                                                                               no-descending-specificity
 2933:1   ✖  Expected selector ".panel-group-lists .panel-title a" to come before selector ".breadcrumb-arrow li:first-child a"                                                                                                               no-descending-specificity
 2938:1   ✖  Expected selector ".panel-group-lists .panel-title a:hover" to come before selector ".nav-tabs>li.active>a:focus"                                                                                                                no-descending-specificity
 2939:1   ✖  Expected selector ".panel-group-lists .panel-title a:focus" to come before selector ".nav-tabs>li.active>a:focus"                                                                                                                no-descending-specificity
 2940:1   ✖  Expected selector ".panel-group-lists .panel-title a:active" to come before selector ".nav-tabs>li.active>a:focus"                                                                                                               no-descending-specificity
 2980:1   ✖  Expected selector ".footer-logo img" to come before selector ".thumbnail a>img"                                                                                                                                                  no-descending-specificity
 2984:1   ✖  Expected selector ".footer-logo a" to come before selector ".breadcrumb-arrow li:first-child a"                                                                                                                                  no-descending-specificity
 2990:1   ✖  Expected selector ".footer-logo a:hover" to come before selector ".breadcrumb-arrow li:first-child a"                                                                                                                            no-descending-specificity
 2991:1   ✖  Expected selector ".footer-logo a:active" to come before selector ".breadcrumb-arrow li:first-child a"                                                                                                                           no-descending-specificity
 3004:1   ✖  Expected selector ".footer-nav .nav-item>a" to come before selector ".breadcrumb-arrow li:first-child a"                                                                                                                         no-descending-specificity
 3008:1   ✖  Expected selector ".footer-nav .nav-item>a:hover" to come before selector ".nav-tabs>li.active>a:focus"                                                                                                                          no-descending-specificity
 3009:1   ✖  Expected selector ".footer-nav .nav-item>a:active" to come before selector ".nav-tabs>li.active>a:focus"                                                                                                                         no-descending-specificity
 3195:1   ✖  Expected selector ".dropdown-menu" to come before selector ".nav-tabs.nav-justified>.dropdown .dropdown-menu"                                                                                                                    no-descending-specificity
 3207:1   ✖  Expected selector ".dropdown-menu li a" to come before selector ".breadcrumb-arrow li:first-child a"                                                                                                                             no-descending-specificity
 3212:1   ✖  Expected selector ".dropdown-menu li a:hover" to come before selector ".pagination>.active>a:hover"                                                                                                                              no-descending-specificity
 3213:1   ✖  Expected selector ".dropdown-menu li a:focus" to come before selector ".pagination>.active>a:hover"                                                                                                                              no-descending-specificity
 3214:1   ✖  Expected selector ".dropdown-menu .active a" to come before selector ".breadcrumb-arrow li:first-child a"                                                                                                                        no-descending-specificity
 3215:1   ✖  Expected selector ".dropdown-menu .active a:hover" to come before selector ".nav-tabs>li.active>a:focus"                                                                                                                         no-descending-specificity
 3216:1   ✖  Expected selector ".dropdown-menu .active a:focus" to come before selector ".nav-tabs>li.active>a:focus"                                                                                                                         no-descending-specificity
 3222:1   ✖  Expected selector ".dropdown-menu .disabled a" to come before selector ".breadcrumb-arrow li:first-child a"                                                                                                                      no-descending-specificity
 3223:1   ✖  Expected selector ".dropdown-menu .disabled a:hover" to come before selector ".nav-tabs>li.active>a:focus"                                                                                                                       no-descending-specificity
 3224:1   ✖  Expected selector ".dropdown-menu .disabled a:focus" to come before selector ".nav-tabs>li.active>a:focus"                                                                                                                       no-descending-specificity
 3234:1   ✖  Expected selector ".dropup .dropdown-menu" to come before selector ".nav-tabs.nav-justified>.dropdown .dropdown-menu"                                                                                                            no-descending-specificity
 3251:1   ✖  Expected selector ".dropdown-submenu .dropdown-menu" to come before selector ".nav-tabs.nav-justified>.dropdown .dropdown-menu"                                                                                                  no-descending-specificity
 3261:1   ✖  Expected selector ".dropdown-submenu:hover .dropdown-menu" to come before selector ".nav-tabs.nav-justified>.dropdown .dropdown-menu"                                                                                            no-descending-specificity
 3265:1   ✖  Expected selector ".dropup .dropdown-submenu .dropdown-menu" to come before selector ".nav-tabs.nav-justified>.dropdown .dropdown-menu"                                                                                          no-descending-specificity
 3275:1   ✖  Expected selector ".dropdown-submenu>a:after" to come before selector ".breadcrumb-arrow li a:after"                                                                                                                             no-descending-specificity
 3289:1   ✖  Expected selector ".dropdown-default .dropdown-submenu>a:after" to come before selector ".breadcrumb-arrow li a:active:after"                                                                                                    no-descending-specificity
 3293:1   ✖  Expected selector ".dropdown-submenu:hover a:after" to come before selector ".breadcrumb-arrow li a:active:after"                                                                                                                no-descending-specificity
 3301:1   ✖  Expected selector ".dropdown-submenu.pull-left .dropdown-menu" to come before selector ".nav-tabs.nav-justified>.dropdown .dropdown-menu"                                                                                        no-descending-specificity

styles/_reset.scss
 86:3  ✖  Unexpected shorthand "font" after "font-size"  declaration-block-no-shorthand-property-overrides

styles/lite.scss
 84:1  ✖  Expected selector ".skew" to come before selector "section.section-1 .skew"  no-descending-specificity

styles/main.scss
 1:4  ✖  Unknown word  CssSyntaxError

188 problems (188 errors, 0 warnings)


