Results of v8r linter (version 2.0.0)
See documentation on https://megalinter.io/7.3.0/descriptors/yaml_v8r/
-----------------------------------------------

❌ [ERROR] for workspace /github/workspace
Linter raw log:
ℹ No config file found
ℹ Processing ./.github/ISSUE_TEMPLATE/sweep-fast-template.yml
ℹ Found schema in https://www.schemastore.org/api/json/catalog.json ...
ℹ Validating ./.github/ISSUE_TEMPLATE/sweep-fast-template.yml against schema from https://json.schemastore.org/github-issue-forms.json ...
✖ ./.github/ISSUE_TEMPLATE/sweep-fast-template.yml is invalid

./.github/ISSUE_TEMPLATE/sweep-fast-template.yml# must NOT have additional properties
./.github/ISSUE_TEMPLATE/sweep-fast-template.yml#/labels must be array

ℹ Processing ./.github/ISSUE_TEMPLATE/sweep-slow-template.yml
ℹ Found schema in https://www.schemastore.org/api/json/catalog.json ...
ℹ Validating ./.github/ISSUE_TEMPLATE/sweep-slow-template.yml against schema from https://json.schemastore.org/github-issue-forms.json ...
✖ ./.github/ISSUE_TEMPLATE/sweep-slow-template.yml is invalid

./.github/ISSUE_TEMPLATE/sweep-slow-template.yml# must NOT have additional properties
./.github/ISSUE_TEMPLATE/sweep-slow-template.yml#/labels must be array

ℹ Processing ./.github/ISSUE_TEMPLATE/sweep-template.yml
ℹ Found schema in https://www.schemastore.org/api/json/catalog.json ...
ℹ Validating ./.github/ISSUE_TEMPLATE/sweep-template.yml against schema from https://json.schemastore.org/github-issue-forms.json ...
✖ ./.github/ISSUE_TEMPLATE/sweep-template.yml is invalid

./.github/ISSUE_TEMPLATE/sweep-template.yml# must NOT have additional properties
./.github/ISSUE_TEMPLATE/sweep-template.yml#/labels must be array

ℹ Processing ./.github/workflows/mega-linter.yml
ℹ Found schema in https://www.schemastore.org/api/json/catalog.json ...
ℹ Validating ./.github/workflows/mega-linter.yml against schema from https://json.schemastore.org/github-workflow.json ...
✔ ./.github/workflows/mega-linter.yml is valid

ℹ Processing ./.yarn/sdks/integrations.yml
✖ Could not find a schema to validate ./.yarn/sdks/integrations.yml

ℹ Processing ./.yarnrc.yml
ℹ Found schema in https://www.schemastore.org/api/json/catalog.json ...
ℹ Validating ./.yarnrc.yml against schema from https://yarnpkg.com/configuration/yarnrc.json ...
✔ ./.yarnrc.yml is valid

ℹ Processing ./dependabot.yml
✖ Could not find a schema to validate ./dependabot.yml


